0.1 0.357
0.2 0.419
0.3 0.397
0.4 0.398
0.5 0.380
0.6 0.390
0.7 0.395
0.8 0.389
0.9 0.389
1 0.388
1.1 0.573
1.2 0.555
1.3 0.564
1.4 0.560
1.5 0.557
1.6 0.390
1.7 0.563
1.8 0.554
1.9 0.557
2 0.541
2.1 0.541
2.2 0.385
2.3 0.396
2.4 0.394
2.5 0.404
2.6 0.393
2.7 0.393
2.8 0.393
2.9 0.399
3 0.402
3.1 0.456
3.2 0.507
3.3 0.395
3.4 0.395
3.5 0.503
3.6 0.556
3.7 0.346
3.8 0.564
3.9 0.551
4 0.545
4.1 0.551
4.2 0.553
4.3 0.470
4.4 0.500
4.5 0.569
4.6 0.390
4.7 0.384
4.8 0.390
4.9 0.394
5 0.425
5.1 0.404
5.2 0.399
5.3 0.396
5.4 0.397
5.5 0.401
5.6 0.468
5.7 0.394
5.8 0.394
5.9 0.409
6 0.406
6.1 0.484
6.2 0.465
6.3 0.560
6.4 0.559
6.5 0.559
6.6 0.559
6.7 0.560
6.8 0.561
6.9 0.549
7 0.513
7.1 0.384
7.2 0.532
7.3 0.384
7.4 0.390
7.5 0.379
7.6 0.392
7.7 0.399
7.8 0.393
7.9 0.396
8 0.404
8.1 0.408
8.2 0.400
8.3 0.393
8.4 0.396
8.5 0.395
8.6 0.401
8.7 0.402
8.8 0.395
8.9 0.468
9 0.467
9.1 0.393
9.2 0.437
9.3 0.556
9.4 0.556
9.5 0.557
9.6 0.562
9.7 0.556
9.8 0.555
9.9 0.358
10 0.436
10.1 0.557
10.2 0.532
10.3 0.384
10.4 0.465
10.5 0.378
10.6 0.379
10.7 0.403
10.8 0.390
10.9 0.371
11 0.348
11.1 0.357
11.2 0.372
11.3 0.405
11.4 0.477
11.5 0.387
11.6 0.471
11.7 0.367
11.8 0.552
11.9 0.561
12 0.556
12.1 0.384
12.2 0.553
12.3 0.541
12.4 0.554
12.5 0.353
12.6 0.413
12.7 0.351
12.8 0.352
12.9 0.405
13 0.369
13.1 0.396
13.2 0.364
13.3 0.344
13.4 0.409
13.5 0.356
13.6 0.357
13.7 0.365
13.8 0.355
13.9 0.387
14 0.387
14.1 0.472
14.2 0.355
14.3 0.471
14.4 0.390
14.5 0.549
14.6 0.398
14.7 0.383
14.8 0.527
14.9 0.550
15 0.391
15.1 0.544
15.2 0.550
15.3 0.529
15.4 0.508
15.5 0.382
15.6 0.380
15.7 0.381
15.8 0.379
15.9 0.379
16 0.371
16.1 0.391
16.2 0.398
16.3 0.510
16.4 0.437
16.5 0.571
16.6 0.483
16.7 0.445
16.8 0.355
16.9 0.353
17 0.333
17.1 0.544
17.2 0.385
17.3 0.376
17.4 0.334
17.5 0.394
17.6 0.332
17.7 0.309
17.8 0.319
17.9 0.307
18 0.309
18.1 0.311
18.2 0.305
18.3 0.310
18.4 0.313
18.5 0.308
18.6 0.393
18.7 0.380
18.8 0.352
18.9 0.355
19 0.383
19.1 0.374
19.2 0.382
19.3 0.373
19.4 0.376
19.5 0.545
19.6 0.545
19.7 0.363
19.8 0.352
19.9 0.378
20 0.390
20.1 0.399
20.2 0.387
20.3 0.378
20.4 0.551
20.5 0.391
20.6 0.484
20.7 0.554
20.8 0.553
20.9 0.529
21 0.389
21.1 0.471
21.2 0.400
21.3 0.365
21.4 0.373
21.5 0.359
21.6 0.393
21.7 0.374
21.8 0.366
21.9 0.405
22 0.368
22.1 0.373
22.2 0.373
22.3 0.372
22.4 0.383
22.5 0.454
22.6 0.379
22.7 0.508
22.8 0.379
22.9 0.338
23 0.349
23.1 0.376
23.2 0.407
23.3 0.383
23.4 0.548
23.5 0.499
23.6 0.479
23.7 0.397
23.8 0.346
23.9 0.373
24 0.349
24.1 0.401
24.2 0.394
24.3 0.390
24.4 0.391
24.5 0.382
24.6 0.501
24.7 0.486
24.8 0.482
24.9 0.481
25 0.449
25.1 0.412
25.2 0.486
25.3 0.379
25.4 0.485
25.5 0.386
25.6 0.399
25.7 0.498
25.8 0.501
25.9 0.505
26 0.538
26.1 0.531
26.2 0.503
26.3 0.367
26.4 0.372
26.5 0.364
26.6 0.376
26.7 0.392
26.8 0.382
26.9 0.397
27 0.501
27.1 0.550
27.2 0.556
27.3 0.473
27.4 0.495
27.5 0.460
27.6 0.368
27.7 0.557
27.8 0.490
27.9 0.502
28 0.502
28.1 0.506
28.2 0.487
28.3 0.498
28.4 0.508
28.5 0.505
28.6 0.499
28.7 0.386
28.8 0.361
28.9 0.389
29 0.353
29.1 0.412
29.2 0.391
29.3 0.388
29.4 0.409
29.5 0.383
29.6 0.384
29.7 0.494
29.8 0.478
29.9 0.509
30 0.496
30.1 0.403
30.2 0.473
30.3 0.560
30.4 0.562
30.5 0.466
30.6 0.524
30.7 0.498
30.8 0.456
30.9 0.385
31 0.503
31.1 0.389
31.2 0.410
31.3 0.368
31.4 0.388
31.5 0.389
31.6 0.389
31.7 0.395
31.8 0.401
31.9 0.397
32 0.492
32.1 0.558
32.2 0.557
32.3 0.547
32.4 0.530
32.5 0.506
32.6 0.394
32.7 0.384
32.8 0.562
32.9 0.565
33 0.505
33.1 0.557
33.2 0.557
33.3 0.525
33.4 0.511
33.5 0.402
33.6 0.436
33.7 0.489
33.8 0.386
33.9 0.371
34 0.400
34.1 0.401
34.2 0.394
34.3 0.391
34.4 0.404
34.5 0.403
34.6 0.557
34.7 0.550
34.8 0.553
34.9 0.541
35 0.515
35.1 0.479
35.2 0.402
35.3 0.501
35.4 0.488
35.5 0.383
35.6 0.558
35.7 0.542
35.8 0.509
35.9 0.393
36 0.370
36.1 0.501
36.2 0.528
36.3 0.402
36.4 0.376
36.5 0.390
36.6 0.400
36.7 0.398
36.8 0.396
36.9 0.398
37 0.402
37.1 0.391
37.2 0.372
37.3 0.368
37.4 0.370
37.5 0.513
37.6 0.492
37.7 0.463
37.8 0.371
37.9 0.549
38 0.560
38.1 0.547
38.2 0.384
38.3 0.480
38.4 0.382
38.5 0.550
38.6 0.557
38.7 0.561
38.8 0.387
38.9 0.466
39 0.374
39.1 0.342
39.2 0.404
39.3 0.412
39.4 0.331
39.5 0.386
39.6 0.390
39.7 0.389
39.8 0.548
39.9 0.519
40 0.399
40.1 0.388
40.2 0.410
40.3 0.398
40.4 0.405
40.5 0.544
40.6 0.383
40.7 0.387
40.8 0.462
40.9 0.414
41 0.451
41.1 0.541
41.2 0.511
41.3 0.479
41.4 0.352
41.5 0.382
41.6 0.355
41.7 0.372
41.8 0.392
41.9 0.379
42 0.392
42.1 0.378
42.2 0.346
42.3 0.315
42.4 0.333
42.5 0.387
42.6 0.342
42.7 0.380
42.8 0.365
42.9 0.391
43 0.364
43.1 0.534
43.2 0.368
43.3 0.372
43.4 0.354
43.5 0.379
43.6 0.330
43.7 0.319
43.8 0.458
43.9 0.431
44 0.548
44.1 0.546
44.2 0.544
44.3 0.362
44.4 0.364
44.5 0.502
44.6 0.542
44.7 0.539
44.8 0.522
44.9 0.441
45 0.378
45.1 0.357
45.2 0.358
45.3 0.349
45.4 0.360
45.5 0.358
45.6 0.352
45.7 0.386
45.8 0.379
45.9 0.386
46 0.352
46.1 0.423
46.2 0.366
46.3 0.551
46.4 0.556
46.5 0.551
46.6 0.549
46.7 0.555
46.8 0.536
46.9 0.506
47 0.549
47.1 0.520
47.2 0.524
47.3 0.526
47.4 0.344
47.5 0.391
47.6 0.347
47.7 0.361
47.8 0.333
47.9 0.356
48 0.364
48.1 0.345
48.2 0.478
48.3 0.414
48.4 0.494
48.5 0.452
48.6 0.349
48.7 0.377
48.8 0.351
48.9 0.350
49 0.537
49.1 0.405
49.2 0.378
49.3 0.384
49.4 0.348
49.5 0.334
49.6 0.312
49.7 0.306
49.8 0.307
49.9 0.310
50 0.312
50.1 0.323
50.2 0.306
50.3 0.311
50.4 0.309
50.5 0.303
50.6 0.313
50.7 0.330
50.8 0.405
50.9 0.380
51 0.355
51.1 0.339
51.2 0.342
51.3 0.425
51.4 0.394
51.5 0.379
51.6 0.343
51.7 0.389
51.8 0.357
51.9 0.401
52 0.371
52.1 0.377
52.2 0.379
52.3 0.379
52.4 0.389
52.5 0.378
52.6 0.377
52.7 0.374
52.8 0.383
52.9 0.380
53 0.385
53.1 0.388
53.2 0.397
53.3 0.384
53.4 0.391
53.5 0.500
53.6 0.393
53.7 0.379
53.8 0.541
53.9 0.548
54 0.368
54.1 0.551
54.2 0.551
54.3 0.551
54.4 0.572
54.5 0.389
54.6 0.518
54.7 0.543
54.8 0.518
54.9 0.393
55 0.532
55.1 0.382
55.2 0.389
55.3 0.382
55.4 0.365
55.5 0.382
55.6 0.384
55.7 0.402
55.8 0.470
55.9 0.389
56 0.397
56.1 0.461
56.2 0.393
56.3 0.380
56.4 0.552
56.5 0.519
56.6 0.385
56.7 0.549
56.8 0.504
56.9 0.374
57 0.550
57.1 0.393
57.2 0.538
57.3 0.507
57.4 0.383
57.5 0.366
57.6 0.402
57.7 0.326
57.8 0.379
57.9 0.310
58 0.308
58.1 0.343
58.2 0.339
58.3 0.317
58.4 0.357
58.5 0.367
58.6 0.348
58.7 0.354
58.8 0.351
58.9 0.347
59 0.379
59.1 0.537
59.2 0.399
59.3 0.544
59.4 0.399
59.5 0.385
59.6 0.393
59.7 0.400
59.8 0.536
59.9 0.521
60 0.516
60.1 0.467
60.2 0.379
60.3 0.355
60.4 0.368
60.5 0.390
60.6 0.368
60.7 0.401
60.8 0.403
60.9 0.399
61 0.461
61.1 0.497
61.2 0.481
61.3 0.392
61.4 0.527
61.5 0.471
61.6 0.469
61.7 0.483
61.8 0.549
61.9 0.551
62 0.551
62.1 0.380
62.2 0.380
62.3 0.341
62.4 0.541
62.5 0.341
62.6 0.549
62.7 0.516
62.8 0.384
62.9 0.380
63 0.372
63.1 0.371
63.2 0.393
63.3 0.448
63.4 0.393
63.5 0.387
63.6 0.399
63.7 0.387
63.8 0.395
63.9 0.399
64 0.413
64.1 0.390
64.2 0.390
64.3 0.354
64.4 0.328
64.5 0.329
64.6 0.541
64.7 0.550
64.8 0.542
64.9 0.500
65 0.378
65.1 0.379
65.2 0.382
65.3 0.372
65.4 0.544
65.5 0.545
65.6 0.412
65.7 0.372
65.8 0.500
65.9 0.464
66 0.395
66.1 0.390
66.2 0.405
66.3 0.400
66.4 0.397
66.5 0.398
66.6 0.390
66.7 0.461
66.8 0.525
66.9 0.395
67 0.393
67.1 0.479
67.2 0.554
67.3 0.554
67.4 0.548
67.5 0.536
67.6 0.558
67.7 0.555
67.8 0.398
67.9 0.549
68 0.561
68.1 0.549
68.2 0.539
68.3 0.509
68.4 0.473
68.5 0.365
68.6 0.396
68.7 0.389
68.8 0.407
68.9 0.393
69 0.390
69.1 0.396
69.2 0.471
69.3 0.453
69.4 0.382
69.5 0.385
69.6 0.368
69.7 0.496
69.8 0.387
69.9 0.399
70 0.487
70.1 0.554
70.2 0.363
70.3 0.493
70.4 0.505
70.5 0.377
70.6 0.360
70.7 0.406
70.8 0.461
70.9 0.453
71 0.378
71.1 0.401
71.2 0.382
71.3 0.396
71.4 0.390
71.5 0.385
71.6 0.394
71.7 0.484
71.8 0.442
71.9 0.450
72 0.475
72.1 0.391
72.2 0.413
72.3 0.468
72.4 0.474
72.5 0.476
72.6 0.550
72.7 0.394
72.8 0.491
72.9 0.549
73 0.547
73.1 0.524
73.2 0.496
73.3 0.461
73.4 0.508
73.5 0.466
73.6 0.398
73.7 0.403
73.8 0.404
73.9 0.395
74 0.404
74.1 0.393
74.2 0.386
74.3 0.390
74.4 0.384
74.5 0.329
74.6 0.386
74.7 0.364
74.8 0.379
74.9 0.381
75 0.474
75.1 0.397
75.2 0.496
75.3 0.405
75.4 0.489
75.5 0.380
75.6 0.412
75.7 0.386
75.8 0.500
75.9 0.470
76 0.378
76.1 0.385
76.2 0.390
76.3 0.399
76.4 0.400
76.5 0.386
76.6 0.388
76.7 0.383
76.8 0.408
76.9 0.465
77 0.458
77.1 0.382
77.2 0.391
77.3 0.389
77.4 0.397
77.5 0.473
77.6 0.478
77.7 0.489
77.8 0.487
77.9 0.471
78 0.501
78.1 0.462
78.2 0.443
78.3 0.473
78.4 0.400
78.5 0.377
78.6 0.377
78.7 0.356
78.8 0.394
78.9 0.375
79 0.395
79.1 0.394
79.2 0.389
79.3 0.493
79.4 0.486
79.5 0.456
79.6 0.382
79.7 0.403
79.8 0.373
79.9 0.489
80 0.422
80.1 0.477
80.2 0.480
80.3 0.465
80.4 0.510
80.5 0.403
80.6 0.401
80.7 0.490
80.8 0.549
80.9 0.522
81 0.403
81.1 0.472
81.2 0.397
81.3 0.389
81.4 0.384
81.5 0.380
81.6 0.391
81.7 0.385
81.8 0.395
81.9 0.482
82 0.472
82.1 0.497
82.2 0.332
82.3 0.345
82.4 0.308
82.5 0.321
82.6 0.351
82.7 0.322
82.8 0.305
82.9 0.304
83 0.301
83.1 0.313
83.2 0.353
83.3 0.306
83.4 0.301
83.5 0.307
83.6 0.306
83.7 0.306
83.8 0.300
83.9 0.349
84 0.342
84.1 0.373
84.2 0.330
84.3 0.352
84.4 0.348
84.5 0.348
84.6 0.383
84.7 0.343
84.8 0.383
84.9 0.413
85 0.552
85.1 0.463
85.2 0.454
85.3 0.393
85.4 0.389
85.5 0.379
85.6 0.392
85.7 0.398
85.8 0.391
85.9 0.395
86 0.457
86.1 0.382
86.2 0.396
86.3 0.395
86.4 0.391
86.5 0.386
86.6 0.346
86.7 0.386
86.8 0.387
86.9 0.401
87 0.400
87.1 0.457
87.2 0.535
87.3 0.467
87.4 0.391
87.5 0.557
87.6 0.526
87.7 0.494
87.8 0.400
87.9 0.559
88 0.565
88.1 0.394
88.2 0.549
88.3 0.561
88.4 0.545
88.5 0.553
88.6 0.536
88.7 0.513
88.8 0.470
88.9 0.389
89 0.405
89.1 0.400
89.2 0.395
89.3 0.405
89.4 0.407
89.5 0.402
89.6 0.475
89.7 0.480
89.8 0.482
89.9 0.398
90 0.403
90.1 0.497
90.2 0.455
90.3 0.534
90.4 0.555
90.5 0.521
90.6 0.556
90.7 0.556
90.8 0.499
90.9 0.557
91 0.558
91.1 0.548
91.2 0.530
91.3 0.493
91.4 0.458
91.5 0.408
91.6 0.397
91.7 0.349
91.8 0.410
91.9 0.394
92 0.396
92.1 0.403
92.2 0.395
92.3 0.494
92.4 0.462
92.5 0.408
92.6 0.465
92.7 0.558
92.8 0.474
92.9 0.430
93 0.513
93.1 0.399
93.2 0.394
93.3 0.375
93.4 0.501
93.5 0.363
93.6 0.551
93.7 0.548
93.8 0.380
93.9 0.553
94 0.552
94.1 0.553
94.2 0.532
94.3 0.539
94.4 0.500
94.5 0.395
94.6 0.389
94.7 0.354
94.8 0.354
94.9 0.363
95 0.398
95.1 0.397
95.2 0.400
95.3 0.465
95.4 0.528
95.5 0.482
95.6 0.398
95.7 0.407
95.8 0.491
95.9 0.568
96 0.548
96.1 0.543
96.2 0.547
96.3 0.549
96.4 0.534
96.5 0.568
96.6 0.550
96.7 0.547
96.8 0.545
96.9 0.454
97 0.484
97.1 0.392
97.2 0.350
97.3 0.419
97.4 0.411
97.5 0.401
97.6 0.397
97.7 0.420
97.8 0.381
97.9 0.393
98 0.396
98.1 0.507
98.2 0.397
98.3 0.538
98.4 0.551
98.5 0.557
98.6 0.572
98.7 0.559
98.8 0.471
98.9 0.559
99 0.573
99.1 0.518
99.2 0.503
99.3 0.556
99.4 0.526
99.5 0.387
99.6 0.379
99.7 0.367
99.8 0.387
99.9 0.418
100 0.402
